2021-06-14 23:13:27.357  INFO 2696 --- [restartedMain] com.gunerk.rentacar.RentACarApplication  : Starting RentACarApplication using Java 11.0.8 on GUNERKALAN with PID 2696 (C:\springbootdemos\RentACar\target\classes started by guner.kalan in C:\springbootdemos\RentACar)
2021-06-14 23:13:27.361  INFO 2696 --- [restartedMain] com.gunerk.rentacar.RentACarApplication  : No active profile set, falling back to default profiles: default
2021-06-14 23:13:27.415  INFO 2696 --- [restartedMain] .e.DevToolsPropertyDefaultsPostProcessor : Devtools property defaults active! Set 'spring.devtools.add-properties' to 'false' to disable
2021-06-14 23:13:28.553  INFO 2696 --- [restartedMain] .s.d.r.c.RepositoryConfigurationDelegate : Bootstrapping Spring Data JPA repositories in DEFAULT mode.
2021-06-14 23:13:28.670  INFO 2696 --- [restartedMain] .s.d.r.c.RepositoryConfigurationDelegate : Finished Spring Data repository scanning in 98 ms. Found 6 JPA repository interfaces.
2021-06-14 23:13:29.528  INFO 2696 --- [restartedMain] o.s.b.w.embedded.tomcat.TomcatWebServer  : Tomcat initialized with port(s): 8055 (http)
2021-06-14 23:13:29.540  INFO 2696 --- [restartedMain] o.apache.catalina.core.StandardService   : Starting service [Tomcat]
2021-06-14 23:13:29.540  INFO 2696 --- [restartedMain] org.apache.catalina.core.StandardEngine  : Starting Servlet engine: [Apache Tomcat/9.0.45]
2021-06-14 23:13:29.655  INFO 2696 --- [restartedMain] o.a.c.c.C.[Tomcat].[localhost].[/]       : Initializing Spring embedded WebApplicationContext
2021-06-14 23:13:29.655  INFO 2696 --- [restartedMain] w.s.c.ServletWebServerApplicationContext : Root WebApplicationContext: initialization completed in 2238 ms
2021-06-14 23:13:29.854  INFO 2696 --- [restartedMain] o.hibernate.jpa.internal.util.LogHelper  : HHH000204: Processing PersistenceUnitInfo [name: default]
2021-06-14 23:13:29.904  INFO 2696 --- [restartedMain] org.hibernate.Version                    : HHH000412: Hibernate ORM core version 5.4.30.Final
2021-06-14 23:13:30.005  INFO 2696 --- [restartedMain] o.hibernate.annotations.common.Version   : HCANN000001: Hibernate Commons Annotations {5.1.2.Final}
2021-06-14 23:13:30.101  INFO 2696 --- [restartedMain] com.zaxxer.hikari.HikariDataSource       : HikariPool-1 - Starting...
2021-06-14 23:13:30.329  INFO 2696 --- [restartedMain] com.zaxxer.hikari.HikariDataSource       : HikariPool-1 - Start completed.
2021-06-14 23:13:30.356  INFO 2696 --- [restartedMain] org.hibernate.dialect.Dialect            : HHH000400: Using dialect: org.hibernate.dialect.PostgreSQL10Dialect
2021-06-14 23:13:31.559  INFO 2696 --- [restartedMain] o.h.e.t.j.p.i.JtaPlatformInitiator       : HHH000490: Using JtaPlatform implementation: [org.hibernate.engine.transaction.jta.platform.internal.NoJtaPlatform]
2021-06-14 23:13:31.568  INFO 2696 --- [restartedMain] j.LocalContainerEntityManagerFactoryBean : Initialized JPA EntityManagerFactory for persistence unit 'default'
2021-06-14 23:13:31.637  INFO 2696 --- [restartedMain] o.s.b.d.a.OptionalLiveReloadServer       : LiveReload server is running on port 35729
2021-06-14 23:13:32.690  WARN 2696 --- [restartedMain] JpaBaseConfiguration$JpaWebConfiguration : spring.jpa.open-in-view is enabled by default. Therefore, database queries may be performed during view rendering. Explicitly configure spring.jpa.open-in-view to disable this warning
2021-06-14 23:13:32.964  INFO 2696 --- [restartedMain] pertySourcedRequestMappingHandlerMapping : Mapped URL path [/v2/api-docs] onto method [springfox.documentation.swagger2.web.Swagger2Controller#getDocumentation(String, HttpServletRequest)]
2021-06-14 23:13:33.158  INFO 2696 --- [restartedMain] o.s.s.concurrent.ThreadPoolTaskExecutor  : Initializing ExecutorService 'applicationTaskExecutor'
2021-06-14 23:13:33.513  INFO 2696 --- [restartedMain] o.s.b.w.embedded.tomcat.TomcatWebServer  : Tomcat started on port(s): 8055 (http) with context path ''
2021-06-14 23:13:33.514  INFO 2696 --- [restartedMain] d.s.w.p.DocumentationPluginsBootstrapper : Context refreshed
2021-06-14 23:13:33.531  INFO 2696 --- [restartedMain] d.s.w.p.DocumentationPluginsBootstrapper : Found 1 custom documentation plugin(s)
2021-06-14 23:13:33.567  INFO 2696 --- [restartedMain] s.d.s.w.s.ApiListingReferenceScanner     : Scanning for api listing references
2021-06-14 23:13:33.726  INFO 2696 --- [restartedMain] .d.s.w.r.o.CachingOperationNameGenerator : Generating unique operation named: getAllUsingGET_1
2021-06-14 23:13:33.740  INFO 2696 --- [restartedMain] .d.s.w.r.o.CachingOperationNameGenerator : Generating unique operation named: getByIdUsingGET_1
2021-06-14 23:13:33.757  INFO 2696 --- [restartedMain] .d.s.w.r.o.CachingOperationNameGenerator : Generating unique operation named: getAllUsingGET_2
2021-06-14 23:13:33.761  INFO 2696 --- [restartedMain] .d.s.w.r.o.CachingOperationNameGenerator : Generating unique operation named: getByIdUsingGET_2
2021-06-14 23:13:33.783  INFO 2696 --- [restartedMain] .d.s.w.r.o.CachingOperationNameGenerator : Generating unique operation named: getAllUsingGET_3
2021-06-14 23:13:33.788  INFO 2696 --- [restartedMain] .d.s.w.r.o.CachingOperationNameGenerator : Generating unique operation named: getByIdUsingGET_3
2021-06-14 23:13:33.806  INFO 2696 --- [restartedMain] .d.s.w.r.o.CachingOperationNameGenerator : Generating unique operation named: getAllUsingGET_4
2021-06-14 23:13:33.812  INFO 2696 --- [restartedMain] .d.s.w.r.o.CachingOperationNameGenerator : Generating unique operation named: getByIdUsingGET_4
2021-06-14 23:13:33.840  INFO 2696 --- [restartedMain] com.gunerk.rentacar.RentACarApplication  : Started RentACarApplication in 7.058 seconds (JVM running for 8.598)
2021-06-14 23:13:41.459  INFO 2696 --- [http-nio-8055-exec-2] o.a.c.c.C.[Tomcat].[localhost].[/]       : Initializing Spring DispatcherServlet 'dispatcherServlet'
2021-06-14 23:13:41.580  INFO 2696 --- [http-nio-8055-exec-2] c.g.rentacar.core.aspects.AppLogger      : Accessing com.gunerk.rentacar.api.ColorController.updateColor() from 0:0:0:0:0:0:0:1
