2021-06-14 23:12:22.857  INFO 14776 --- [restartedMain] com.gunerk.rentacar.RentACarApplication  : Starting RentACarApplication using Java 11.0.8 on GUNERKALAN with PID 14776 (C:\springbootdemos\RentACar\target\classes started by guner.kalan in C:\springbootdemos\RentACar)
2021-06-14 23:12:22.860  INFO 14776 --- [restartedMain] com.gunerk.rentacar.RentACarApplication  : No active profile set, falling back to default profiles: default
2021-06-14 23:12:22.918  INFO 14776 --- [restartedMain] .e.DevToolsPropertyDefaultsPostProcessor : Devtools property defaults active! Set 'spring.devtools.add-properties' to 'false' to disable
2021-06-14 23:12:24.087  INFO 14776 --- [restartedMain] .s.d.r.c.RepositoryConfigurationDelegate : Bootstrapping Spring Data JPA repositories in DEFAULT mode.
2021-06-14 23:12:24.192  INFO 14776 --- [restartedMain] .s.d.r.c.RepositoryConfigurationDelegate : Finished Spring Data repository scanning in 97 ms. Found 6 JPA repository interfaces.
2021-06-14 23:12:25.024  INFO 14776 --- [restartedMain] o.s.b.w.embedded.tomcat.TomcatWebServer  : Tomcat initialized with port(s): 8055 (http)
2021-06-14 23:12:25.034  INFO 14776 --- [restartedMain] o.apache.catalina.core.StandardService   : Starting service [Tomcat]
2021-06-14 23:12:25.035  INFO 14776 --- [restartedMain] org.apache.catalina.core.StandardEngine  : Starting Servlet engine: [Apache Tomcat/9.0.45]
2021-06-14 23:12:25.144  INFO 14776 --- [restartedMain] o.a.c.c.C.[Tomcat].[localhost].[/]       : Initializing Spring embedded WebApplicationContext
2021-06-14 23:12:25.144  INFO 14776 --- [restartedMain] w.s.c.ServletWebServerApplicationContext : Root WebApplicationContext: initialization completed in 2225 ms
2021-06-14 23:12:25.353  INFO 14776 --- [restartedMain] o.hibernate.jpa.internal.util.LogHelper  : HHH000204: Processing PersistenceUnitInfo [name: default]
2021-06-14 23:12:25.406  INFO 14776 --- [restartedMain] org.hibernate.Version                    : HHH000412: Hibernate ORM core version 5.4.30.Final
2021-06-14 23:12:25.525  INFO 14776 --- [restartedMain] o.hibernate.annotations.common.Version   : HCANN000001: Hibernate Commons Annotations {5.1.2.Final}
2021-06-14 23:12:25.612  INFO 14776 --- [restartedMain] com.zaxxer.hikari.HikariDataSource       : HikariPool-1 - Starting...
2021-06-14 23:12:25.807  INFO 14776 --- [restartedMain] com.zaxxer.hikari.HikariDataSource       : HikariPool-1 - Start completed.
2021-06-14 23:12:25.827  INFO 14776 --- [restartedMain] org.hibernate.dialect.Dialect            : HHH000400: Using dialect: org.hibernate.dialect.PostgreSQL10Dialect
2021-06-14 23:12:26.993  INFO 14776 --- [restartedMain] o.h.e.t.j.p.i.JtaPlatformInitiator       : HHH000490: Using JtaPlatform implementation: [org.hibernate.engine.transaction.jta.platform.internal.NoJtaPlatform]
2021-06-14 23:12:27.002  INFO 14776 --- [restartedMain] j.LocalContainerEntityManagerFactoryBean : Initialized JPA EntityManagerFactory for persistence unit 'default'
2021-06-14 23:12:27.065  INFO 14776 --- [restartedMain] o.s.b.d.a.OptionalLiveReloadServer       : LiveReload server is running on port 35729
2021-06-14 23:12:28.044  WARN 14776 --- [restartedMain] JpaBaseConfiguration$JpaWebConfiguration : spring.jpa.open-in-view is enabled by default. Therefore, database queries may be performed during view rendering. Explicitly configure spring.jpa.open-in-view to disable this warning
2021-06-14 23:12:28.251  INFO 14776 --- [restartedMain] pertySourcedRequestMappingHandlerMapping : Mapped URL path [/v2/api-docs] onto method [springfox.documentation.swagger2.web.Swagger2Controller#getDocumentation(String, HttpServletRequest)]
2021-06-14 23:12:28.444  INFO 14776 --- [restartedMain] o.s.s.concurrent.ThreadPoolTaskExecutor  : Initializing ExecutorService 'applicationTaskExecutor'
2021-06-14 23:12:28.763  INFO 14776 --- [restartedMain] o.s.b.w.embedded.tomcat.TomcatWebServer  : Tomcat started on port(s): 8055 (http) with context path ''
2021-06-14 23:12:28.764  INFO 14776 --- [restartedMain] d.s.w.p.DocumentationPluginsBootstrapper : Context refreshed
2021-06-14 23:12:28.780  INFO 14776 --- [restartedMain] d.s.w.p.DocumentationPluginsBootstrapper : Found 1 custom documentation plugin(s)
2021-06-14 23:12:28.813  INFO 14776 --- [restartedMain] s.d.s.w.s.ApiListingReferenceScanner     : Scanning for api listing references
2021-06-14 23:12:28.970  INFO 14776 --- [restartedMain] .d.s.w.r.o.CachingOperationNameGenerator : Generating unique operation named: getAllUsingGET_1
2021-06-14 23:12:28.985  INFO 14776 --- [restartedMain] .d.s.w.r.o.CachingOperationNameGenerator : Generating unique operation named: getByIdUsingGET_1
2021-06-14 23:12:29.002  INFO 14776 --- [restartedMain] .d.s.w.r.o.CachingOperationNameGenerator : Generating unique operation named: getAllUsingGET_2
2021-06-14 23:12:29.006  INFO 14776 --- [restartedMain] .d.s.w.r.o.CachingOperationNameGenerator : Generating unique operation named: getByIdUsingGET_2
2021-06-14 23:12:29.022  INFO 14776 --- [restartedMain] .d.s.w.r.o.CachingOperationNameGenerator : Generating unique operation named: getAllUsingGET_3
2021-06-14 23:12:29.025  INFO 14776 --- [restartedMain] .d.s.w.r.o.CachingOperationNameGenerator : Generating unique operation named: getByIdUsingGET_3
2021-06-14 23:12:29.040  INFO 14776 --- [restartedMain] .d.s.w.r.o.CachingOperationNameGenerator : Generating unique operation named: getAllUsingGET_4
2021-06-14 23:12:29.045  INFO 14776 --- [restartedMain] .d.s.w.r.o.CachingOperationNameGenerator : Generating unique operation named: getByIdUsingGET_4
2021-06-14 23:12:29.071  INFO 14776 --- [restartedMain] com.gunerk.rentacar.RentACarApplication  : Started RentACarApplication in 6.945 seconds (JVM running for 8.781)
2021-06-14 23:12:42.656  INFO 14776 --- [http-nio-8055-exec-3] o.a.c.c.C.[Tomcat].[localhost].[/]       : Initializing Spring DispatcherServlet 'dispatcherServlet'
2021-06-14 23:12:42.775  INFO 14776 --- [http-nio-8055-exec-3] c.g.rentacar.core.aspects.AppLogger      : Accessing com.gunerk.rentacar.api.ColorController.updateColor() from 0:0:0:0:0:0:0:1
